TN:
SF:config\database.js
FNF:0
FNH:0
DA:1,1
DA:2,1
DA:3,1
DA:4,1
DA:5,1
DA:6,1
DA:7,1
DA:8,1
DA:9,1
DA:10,1
DA:11,1
LF:11
LH:11
BRDA:1,0,0,1
BRF:1
BRH:1
end_of_record
TN:
SF:controllers\Appointment.js
FN:7,BarberAvailablityDates
FN:27,getBarberAvailablity_Hours
FN:40,addAppointment
FN:108,getAllBarbers
FN:118,customerAppointmentDetails
FN:131,updateAppointment
FN:189,cancelAppointment
FN:236,getAllBookedAppointment
FNF:8
FNH:8
FNDA:1,BarberAvailablityDates
FNDA:2,getBarberAvailablity_Hours
FNDA:3,addAppointment
FNDA:1,getAllBarbers
FNDA:2,customerAppointmentDetails
FNDA:1,updateAppointment
FNDA:2,cancelAppointment
FNDA:1,getAllBookedAppointment
DA:1,1
DA:2,1
DA:3,1
DA:4,1
DA:5,1
DA:6,1
DA:7,1
DA:8,1
DA:9,1
DA:10,1
DA:11,1
DA:12,1
DA:13,1
DA:14,1
DA:15,1
DA:16,1
DA:17,1
DA:18,1
DA:19,1
DA:20,1
DA:21,1
DA:22,0
DA:23,0
DA:24,1
DA:25,1
DA:26,1
DA:27,1
DA:28,2
DA:29,2
DA:30,2
DA:31,2
DA:32,2
DA:33,2
DA:34,2
DA:35,2
DA:36,2
DA:37,0
DA:38,0
DA:39,2
DA:40,1
DA:41,3
DA:42,3
DA:43,3
DA:44,3
DA:45,3
DA:46,3
DA:47,3
DA:48,3
DA:49,3
DA:50,3
DA:51,3
DA:52,3
DA:53,3
DA:54,3
DA:55,3
DA:56,3
DA:57,3
DA:58,1
DA:59,1
DA:60,3
DA:61,0
DA:62,0
DA:63,2
DA:64,2
DA:65,2
DA:66,2
DA:67,2
DA:68,2
DA:69,2
DA:70,2
DA:71,2
DA:72,2
DA:73,2
DA:74,2
DA:75,2
DA:76,2
DA:77,3
DA:78,0
DA:79,0
DA:80,0
DA:81,0
DA:82,0
DA:83,0
DA:84,0
DA:85,0
DA:86,0
DA:87,0
DA:88,0
DA:89,0
DA:90,0
DA:91,0
DA:92,0
DA:93,0
DA:94,0
DA:95,0
DA:96,0
DA:97,0
DA:98,3
DA:99,3
DA:100,0
DA:101,0
DA:102,2
DA:103,3
DA:104,0
DA:105,0
DA:106,0
DA:107,3
DA:108,1
DA:109,1
DA:110,1
DA:111,1
DA:112,1
DA:113,1
DA:114,0
DA:115,0
DA:116,1
DA:117,1
DA:118,1
DA:119,2
DA:120,2
DA:121,2
DA:122,2
DA:123,2
DA:124,2
DA:125,2
DA:126,2
DA:127,2
DA:128,0
DA:129,0
DA:130,2
DA:131,1
DA:132,1
DA:133,1
DA:134,1
DA:135,1
DA:136,1
DA:137,1
DA:138,1
DA:139,1
DA:140,1
DA:141,1
DA:142,1
DA:143,1
DA:144,1
DA:145,1
DA:146,1
DA:147,1
DA:148,1
DA:149,1
DA:150,1
DA:151,1
DA:152,1
DA:153,1
DA:154,1
DA:155,1
DA:156,1
DA:157,1
DA:158,1
DA:159,0
DA:160,0
DA:161,0
DA:162,0
DA:163,0
DA:164,0
DA:165,0
DA:166,0
DA:167,0
DA:168,0
DA:169,0
DA:170,0
DA:171,0
DA:172,0
DA:173,0
DA:174,0
DA:175,0
DA:176,0
DA:177,0
DA:178,1
DA:179,0
DA:180,0
DA:181,1
DA:182,1
DA:183,1
DA:184,0
DA:185,0
DA:186,0
DA:187,1
DA:188,1
DA:189,1
DA:190,2
DA:191,2
DA:192,2
DA:193,2
DA:194,2
DA:195,2
DA:196,2
DA:197,2
DA:198,2
DA:199,2
DA:200,2
DA:201,2
DA:202,2
DA:203,2
DA:204,2
DA:205,2
DA:206,0
DA:207,0
DA:208,0
DA:209,0
DA:210,0
DA:211,0
DA:212,0
DA:213,0
DA:214,0
DA:215,0
DA:216,0
DA:217,0
DA:218,0
DA:219,0
DA:220,0
DA:221,0
DA:222,0
DA:223,0
DA:224,0
DA:225,2
DA:226,0
DA:227,0
DA:228,2
DA:229,2
DA:230,2
DA:231,2
DA:232,0
DA:233,0
DA:234,2
DA:235,1
DA:236,1
DA:237,1
DA:238,1
DA:239,1
DA:240,1
DA:241,1
DA:242,1
DA:243,1
DA:244,1
DA:245,1
DA:246,1
DA:247,1
DA:248,1
DA:249,1
DA:250,1
DA:251,1
DA:252,1
DA:253,1
DA:254,1
DA:255,0
DA:256,0
DA:257,1
DA:258,1
DA:259,1
DA:260,1
DA:261,1
DA:262,1
DA:263,1
DA:264,1
DA:265,1
DA:266,1
DA:267,1
DA:268,1
LF:268
LH:184
BRDA:1,0,0,1
BRDA:7,1,0,1
BRDA:21,2,0,0
BRDA:27,3,0,2
BRDA:36,4,0,0
BRDA:40,5,0,3
BRDA:56,6,0,1
BRDA:56,7,0,2
BRDA:57,8,0,1
BRDA:60,9,0,0
BRDA:63,10,0,2
BRDA:77,11,0,0
BRDA:99,12,0,0
BRDA:102,13,0,2
BRDA:103,14,0,0
BRDA:108,15,0,1
BRDA:113,16,0,0
BRDA:118,17,0,2
BRDA:127,18,0,0
BRDA:131,19,0,1
BRDA:158,20,0,0
BRDA:178,21,0,0
BRDA:183,22,0,0
BRDA:189,23,0,2
BRDA:205,24,0,0
BRDA:225,25,0,0
BRDA:231,26,0,0
BRDA:236,27,0,1
BRDA:254,28,0,0
BRF:29
BRH:14
end_of_record
TN:
SF:controllers\BarberSchedule.js
FN:7,addAvaliblilty
FN:38,getBarberAvailablity_barberView
FN:57,deleteBarberSchedule
FNF:3
FNH:3
FNDA:2,addAvaliblilty
FNDA:6,getBarberAvailablity_barberView
FNDA:2,deleteBarberSchedule
DA:1,1
DA:2,1
DA:3,1
DA:4,1
DA:5,1
DA:6,1
DA:7,1
DA:8,2
DA:9,2
DA:10,2
DA:11,2
DA:12,2
DA:13,2
DA:14,2
DA:15,2
DA:16,2
DA:17,2
DA:18,2
DA:19,2
DA:20,2
DA:21,2
DA:22,10
DA:23,10
DA:24,6
DA:25,6
DA:26,6
DA:27,6
DA:28,6
DA:29,6
DA:30,10
DA:31,2
DA:32,2
DA:33,2
DA:34,0
DA:35,0
DA:36,2
DA:37,1
DA:38,1
DA:39,6
DA:40,6
DA:41,6
DA:42,6
DA:43,6
DA:44,6
DA:45,6
DA:46,2
DA:47,2
DA:48,4
DA:49,4
DA:50,4
DA:51,6
DA:52,0
DA:53,0
DA:54,6
DA:55,6
DA:56,1
DA:57,1
DA:58,2
DA:59,2
DA:60,2
DA:61,2
DA:62,2
DA:63,6
DA:64,6
DA:65,6
DA:66,6
DA:67,2
DA:68,2
DA:69,2
DA:70,0
DA:71,0
DA:72,2
DA:73,2
DA:74,1
DA:75,1
DA:76,1
DA:77,1
DA:78,1
DA:79,1
LF:79
LH:73
BRDA:1,0,0,1
BRDA:7,1,0,2
BRDA:21,2,0,10
BRDA:23,3,0,6
BRDA:33,4,0,0
BRDA:38,5,0,6
BRDA:45,6,0,2
BRDA:48,7,0,4
BRDA:51,8,0,0
BRDA:57,9,0,2
BRDA:62,10,0,6
BRDA:69,11,0,0
BRF:12
BRH:9
end_of_record
TN:
SF:controllers\BusyStatus.js
FN:8,getStatus
FN:21,updateStatus
FNF:2
FNH:2
FNDA:4,getStatus
FNDA:3,updateStatus
DA:1,1
DA:2,1
DA:3,1
DA:4,1
DA:5,1
DA:6,1
DA:7,1
DA:8,1
DA:9,4
DA:10,4
DA:11,1
DA:12,1
DA:13,3
DA:14,1
DA:15,1
DA:16,2
DA:17,2
DA:18,2
DA:19,4
DA:20,1
DA:21,1
DA:22,3
DA:23,3
DA:24,3
DA:25,3
DA:26,3
DA:27,3
DA:28,3
DA:29,0
DA:30,0
DA:31,3
DA:32,1
DA:33,1
DA:34,1
DA:35,1
DA:36,1
DA:37,2
DA:38,1
DA:39,1
DA:40,1
DA:41,1
DA:42,1
DA:43,1
DA:44,1
DA:45,1
DA:46,1
DA:47,1
DA:48,1
DA:49,0
DA:50,0
DA:51,0
DA:52,3
DA:53,0
DA:54,0
DA:55,0
DA:56,3
DA:57,3
DA:58,3
DA:59,1
DA:60,1
DA:61,1
DA:62,1
DA:63,1
LF:63
LH:55
BRDA:1,0,0,1
BRDA:8,1,0,4
BRDA:10,2,0,1
BRDA:13,3,0,3
BRDA:13,4,0,1
BRDA:16,5,0,2
BRDA:21,6,0,3
BRDA:28,7,0,0
BRDA:31,8,0,1
BRDA:37,9,0,2
BRDA:37,10,0,1
BRDA:49,11,0,0
BRDA:52,12,0,0
BRF:13
BRH:10
end_of_record
TN:
SF:controllers\FAQ.js
FN:9,getFAQ
FN:25,updateFAQ
FN:44,deleteFAQ
FN:64,addFAQ
FNF:4
FNH:4
FNDA:3,getFAQ
FNDA:3,updateFAQ
FNDA:3,deleteFAQ
FNDA:2,addFAQ
DA:1,1
DA:2,1
DA:3,1
DA:4,1
DA:5,1
DA:6,1
DA:7,1
DA:8,1
DA:9,1
DA:10,3
DA:11,3
DA:12,3
DA:13,3
DA:14,1
DA:15,1
DA:16,2
DA:17,2
DA:18,3
DA:19,0
DA:20,0
DA:21,0
DA:22,3
DA:23,1
DA:24,1
DA:25,1
DA:26,3
DA:27,3
DA:28,3
DA:29,3
DA:30,3
DA:31,1
DA:32,1
DA:33,2
DA:34,3
DA:35,1
DA:36,1
DA:37,1
DA:38,1
DA:39,3
DA:40,0
DA:41,0
DA:42,3
DA:43,1
DA:44,1
DA:45,3
DA:46,3
DA:47,3
DA:48,3
DA:49,3
DA:50,1
DA:51,1
DA:52,2
DA:53,3
DA:54,1
DA:55,1
DA:56,1
DA:57,1
DA:58,1
DA:59,1
DA:60,3
DA:61,0
DA:62,0
DA:63,3
DA:64,1
DA:65,2
DA:66,2
DA:67,2
DA:68,2
DA:69,2
DA:70,1
DA:71,1
DA:72,1
DA:73,1
DA:74,2
DA:75,0
DA:76,0
DA:77,2
DA:78,1
DA:79,1
DA:80,1
DA:81,1
DA:82,1
DA:83,1
DA:84,1
DA:85,1
LF:85
LH:76
BRDA:1,0,0,1
BRDA:9,1,0,3
BRDA:13,2,0,1
BRDA:16,3,0,2
BRDA:18,4,0,0
BRDA:25,5,0,3
BRDA:30,6,0,1
BRDA:33,7,0,2
BRDA:34,8,0,1
BRDA:39,9,0,0
BRDA:44,10,0,3
BRDA:49,11,0,1
BRDA:52,12,0,2
BRDA:53,13,0,1
BRDA:60,14,0,0
BRDA:64,15,0,2
BRDA:69,16,0,1
BRDA:74,17,0,0
BRF:18
BRH:14
end_of_record
TN:
SF:controllers\HomePage.js
FN:7,updateAbout
FN:32,getAbout
FN:43,getPricing
FN:53,updatePricing
FN:78,getWorkingHours
FN:89,updateWorkingHours
FNF:6
FNH:6
FNDA:3,updateAbout
FNDA:2,getAbout
FNDA:1,getPricing
FNDA:2,updatePricing
FNDA:1,getWorkingHours
FNDA:2,updateWorkingHours
DA:1,1
DA:2,1
DA:3,1
DA:4,1
DA:5,1
DA:6,1
DA:7,1
DA:8,3
DA:9,3
DA:10,3
DA:11,3
DA:12,3
DA:13,3
DA:14,3
DA:15,3
DA:16,1
DA:17,1
DA:18,1
DA:19,1
DA:20,2
DA:21,2
DA:22,2
DA:23,2
DA:24,3
DA:25,3
DA:26,3
DA:27,0
DA:28,0
DA:29,3
DA:30,3
DA:31,1
DA:32,1
DA:33,2
DA:34,2
DA:35,2
DA:36,2
DA:37,2
DA:38,2
DA:39,0
DA:40,0
DA:41,2
DA:42,1
DA:43,1
DA:44,1
DA:45,1
DA:46,1
DA:47,1
DA:48,0
DA:49,0
DA:50,1
DA:51,1
DA:52,1
DA:53,1
DA:54,2
DA:55,2
DA:56,2
DA:57,2
DA:58,2
DA:59,2
DA:60,2
DA:61,2
DA:62,1
DA:63,1
DA:64,1
DA:65,1
DA:66,1
DA:67,1
DA:68,1
DA:69,1
DA:70,2
DA:71,2
DA:72,2
DA:73,0
DA:74,0
DA:75,0
DA:76,2
DA:77,2
DA:78,1
DA:79,1
DA:80,1
DA:81,1
DA:82,1
DA:83,1
DA:84,1
DA:85,0
DA:86,0
DA:87,1
DA:88,1
DA:89,1
DA:90,2
DA:91,2
DA:92,2
DA:93,2
DA:94,2
DA:95,2
DA:96,2
DA:97,2
DA:98,1
DA:99,1
DA:100,1
DA:101,1
DA:102,1
DA:103,1
DA:104,1
DA:105,1
DA:106,2
DA:107,2
DA:108,2
DA:109,0
DA:110,0
DA:111,0
DA:112,2
DA:113,2
DA:114,1
DA:115,1
DA:116,1
DA:117,1
DA:118,1
DA:119,1
DA:120,1
DA:121,1
DA:122,1
DA:123,1
LF:123
LH:109
BRDA:1,0,0,1
BRDA:7,1,0,3
BRDA:15,2,0,1
BRDA:20,3,0,2
BRDA:26,4,0,0
BRDA:32,5,0,2
BRDA:38,6,0,0
BRDA:43,7,0,1
BRDA:47,8,0,0
BRDA:53,9,0,2
BRDA:61,10,0,1
BRDA:72,11,0,0
BRDA:78,12,0,1
BRDA:84,13,0,0
BRDA:89,14,0,2
BRDA:97,15,0,1
BRDA:108,16,0,0
BRF:17
BRH:11
end_of_record
TN:
SF:controllers\Products.js
FN:7,getProducts
FN:20,updateProducts
FN:54,extractFileName
FN:60,deleteProducts
FN:91,addProducts
FNF:5
FNH:5
FNDA:4,getProducts
FNDA:1,updateProducts
FNDA:1,extractFileName
FNDA:1,deleteProducts
FNDA:1,addProducts
DA:1,1
DA:2,1
DA:3,1
DA:4,1
DA:5,1
DA:6,1
DA:7,1
DA:8,4
DA:9,4
DA:10,4
DA:11,2
DA:12,2
DA:13,2
DA:14,4
DA:15,0
DA:16,0
DA:17,0
DA:18,1
DA:19,1
DA:20,1
DA:21,1
DA:22,1
DA:23,1
DA:24,1
DA:25,1
DA:26,1
DA:27,1
DA:28,0
DA:29,0
DA:30,0
DA:31,0
DA:32,1
DA:33,1
DA:34,1
DA:35,1
DA:36,1
DA:37,0
DA:38,0
DA:39,1
DA:40,1
DA:41,1
DA:42,1
DA:43,1
DA:44,1
DA:45,1
DA:46,1
DA:47,1
DA:48,1
DA:49,1
DA:50,1
DA:51,0
DA:52,0
DA:53,1
DA:54,1
DA:55,1
DA:56,1
DA:57,1
DA:58,1
DA:59,1
DA:60,1
DA:61,1
DA:62,1
DA:63,1
DA:64,1
DA:65,1
DA:66,0
DA:67,0
DA:68,1
DA:69,1
DA:70,0
DA:71,0
DA:72,1
DA:73,1
DA:74,1
DA:75,1
DA:76,1
DA:77,1
DA:78,1
DA:79,1
DA:80,1
DA:81,1
DA:82,1
DA:83,1
DA:84,1
DA:85,1
DA:86,0
DA:87,0
DA:88,0
DA:89,1
DA:90,1
DA:91,1
DA:92,1
DA:93,1
DA:94,1
DA:95,1
DA:96,1
DA:97,1
DA:98,1
DA:99,1
DA:100,0
DA:101,0
DA:102,0
DA:103,0
DA:104,1
DA:105,1
DA:106,1
DA:107,1
DA:108,1
DA:109,1
DA:110,1
DA:111,1
DA:112,1
DA:113,1
DA:114,1
DA:115,1
DA:116,1
DA:117,1
DA:118,1
DA:119,1
DA:120,0
DA:121,0
DA:122,1
DA:123,1
DA:124,1
DA:125,1
DA:126,1
DA:127,1
DA:128,1
DA:129,1
LF:129
LH:105
BRDA:1,0,0,1
BRDA:7,1,0,4
BRDA:10,2,0,2
BRDA:14,3,0,0
BRDA:20,4,0,1
BRDA:27,5,0,0
BRDA:36,6,0,0
BRDA:50,7,0,0
BRDA:54,8,0,1
BRDA:60,9,0,1
BRDA:65,10,0,0
BRDA:69,11,0,0
BRDA:85,12,0,0
BRDA:91,13,0,1
BRDA:99,14,0,0
BRDA:119,15,0,0
BRF:16
BRH:7
end_of_record
TN:
SF:controllers\user.js
FN:8,getusers
FN:28,createUser
FN:76,createUser_customers
FN:121,validateLogin
FN:155,updateUser
FN:174,deleteUser
FN:204,getUser
FN:215,updatePassword
FN:234,updatePicture
FN:253,extractFileName
FN:259,deletePicture
FN:285,deleteUser_profile
FNF:12
FNH:12
FNDA:3,getusers
FNDA:6,createUser
FNDA:5,createUser_customers
FNDA:12,validateLogin
FNDA:1,updateUser
FNDA:8,deleteUser
FNDA:3,getUser
FNDA:2,updatePassword
FNDA:1,updatePicture
FNDA:1,extractFileName
FNDA:1,deletePicture
FNDA:2,deleteUser_profile
DA:1,1
DA:2,1
DA:3,1
DA:4,1
DA:5,1
DA:6,1
DA:7,1
DA:8,1
DA:9,3
DA:10,3
DA:11,3
DA:12,3
DA:13,3
DA:14,3
DA:15,3
DA:16,1
DA:17,1
DA:18,1
DA:19,1
DA:20,2
DA:21,2
DA:22,2
DA:23,3
DA:24,0
DA:25,0
DA:26,1
DA:27,1
DA:28,1
DA:29,6
DA:30,6
DA:31,6
DA:32,6
DA:33,6
DA:34,6
DA:35,6
DA:36,6
DA:37,6
DA:38,6
DA:39,6
DA:40,6
DA:41,1
DA:42,1
DA:43,1
DA:44,1
DA:45,5
DA:46,5
DA:47,5
DA:48,5
DA:49,6
DA:50,6
DA:51,1
DA:52,1
DA:53,1
DA:54,6
DA:55,1
DA:56,1
DA:57,1
DA:58,4
DA:59,3
DA:60,3
DA:61,3
DA:62,3
DA:63,3
DA:64,3
DA:65,3
DA:66,3
DA:67,3
DA:68,3
DA:69,3
DA:70,3
DA:71,6
DA:72,0
DA:73,0
DA:74,1
DA:75,1
DA:76,1
DA:77,5
DA:78,5
DA:79,5
DA:80,5
DA:81,5
DA:82,5
DA:83,5
DA:84,5
DA:85,5
DA:86,5
DA:87,5
DA:88,5
DA:89,5
DA:90,1
DA:91,1
DA:92,1
DA:93,5
DA:94,4
DA:95,4
DA:96,4
DA:97,4
DA:98,4
DA:99,4
DA:100,4
DA:101,4
DA:102,4
DA:103,4
DA:104,4
DA:105,4
DA:106,4
DA:107,4
DA:108,4
DA:109,4
DA:110,4
DA:111,4
DA:112,4
DA:113,4
DA:114,4
DA:115,4
DA:116,4
DA:117,5
DA:118,0
DA:119,0
DA:120,1
DA:121,1
DA:122,12
DA:123,12
DA:124,12
DA:125,12
DA:126,12
DA:127,12
DA:128,12
DA:129,1
DA:130,12
DA:131,11
DA:132,11
DA:133,11
DA:134,11
DA:135,11
DA:136,2
DA:137,2
DA:138,11
DA:139,9
DA:140,9
DA:141,9
DA:142,9
DA:143,9
DA:144,9
DA:145,9
DA:146,9
DA:147,9
DA:148,9
DA:149,11
DA:150,12
DA:151,0
DA:152,0
DA:153,0
DA:154,1
DA:155,1
DA:156,1
DA:157,1
DA:158,1
DA:159,1
DA:160,1
DA:161,1
DA:162,1
DA:163,1
DA:164,1
DA:165,1
DA:166,1
DA:167,1
DA:168,1
DA:169,1
DA:170,0
DA:171,0
DA:172,1
DA:173,1
DA:174,1
DA:175,8
DA:176,8
DA:177,8
DA:178,8
DA:179,8
DA:180,8
DA:181,8
DA:182,1
DA:183,1
DA:184,1
DA:185,1
DA:186,7
DA:187,7
DA:188,8
DA:189,1
DA:190,1
DA:191,1
DA:192,1
DA:193,6
DA:194,6
DA:195,6
DA:196,6
DA:197,6
DA:198,6
DA:199,8
DA:200,0
DA:201,0
DA:202,1
DA:203,1
DA:204,1
DA:205,3
DA:206,3
DA:207,3
DA:208,3
DA:209,3
DA:210,3
DA:211,0
DA:212,0
DA:213,1
DA:214,1
DA:215,1
DA:216,2
DA:217,2
DA:218,2
DA:219,2
DA:220,2
DA:221,2
DA:222,2
DA:223,1
DA:224,1
DA:225,1
DA:226,1
DA:227,1
DA:228,1
DA:229,2
DA:230,0
DA:231,0
DA:232,1
DA:233,1
DA:234,1
DA:235,1
DA:236,1
DA:237,1
DA:238,0
DA:239,0
DA:240,1
DA:241,1
DA:242,1
DA:243,1
DA:244,1
DA:245,1
DA:246,1
DA:247,1
DA:248,1
DA:249,0
DA:250,0
DA:251,1
DA:252,1
DA:253,1
DA:254,1
DA:255,1
DA:256,1
DA:257,1
DA:258,1
DA:259,1
DA:260,1
DA:261,1
DA:262,1
DA:263,1
DA:264,1
DA:265,1
DA:266,1
DA:267,1
DA:268,1
DA:269,1
DA:270,1
DA:271,1
DA:272,1
DA:273,1
DA:274,1
DA:275,1
DA:276,1
DA:277,1
DA:278,1
DA:279,0
DA:280,0
DA:281,0
DA:282,1
DA:283,1
DA:284,1
DA:285,1
DA:286,2
DA:287,2
DA:288,2
DA:289,2
DA:290,2
DA:291,2
DA:292,1
DA:293,1
DA:294,1
DA:295,1
DA:296,1
DA:297,1
DA:298,1
DA:299,1
DA:300,1
DA:301,1
DA:302,2
DA:303,0
DA:304,0
DA:305,0
DA:306,1
DA:307,1
DA:308,1
DA:309,1
DA:310,1
DA:311,1
DA:312,1
DA:313,1
DA:314,1
DA:315,1
DA:316,1
DA:317,1
DA:318,1
DA:319,1
DA:320,1
LF:320
LH:293
BRDA:1,0,0,1
BRDA:8,1,0,3
BRDA:15,2,0,1
BRDA:20,3,0,2
BRDA:23,4,0,0
BRDA:28,5,0,6
BRDA:40,6,0,1
BRDA:45,7,0,5
BRDA:49,8,0,5
BRDA:50,9,0,1
BRDA:54,10,0,4
BRDA:54,11,0,1
BRDA:58,12,0,3
BRDA:71,13,0,0
BRDA:76,14,0,5
BRDA:89,15,0,1
BRDA:93,16,0,4
BRDA:117,17,0,0
BRDA:121,18,0,12
BRDA:128,19,0,1
BRDA:130,20,0,11
BRDA:135,21,0,2
BRDA:138,22,0,9
BRDA:150,23,0,0
BRDA:155,24,0,1
BRDA:169,25,0,0
BRDA:174,26,0,8
BRDA:181,27,0,1
BRDA:186,28,0,7
BRDA:188,29,0,1
BRDA:193,30,0,6
BRDA:199,31,0,0
BRDA:204,32,0,3
BRDA:210,33,0,0
BRDA:215,34,0,2
BRDA:222,35,0,1
BRDA:229,36,0,0
BRDA:234,37,0,1
BRDA:237,38,0,0
BRDA:248,39,0,0
BRDA:253,40,0,1
BRDA:259,41,0,1
BRDA:278,42,0,0
BRDA:285,43,0,2
BRDA:291,44,0,1
BRDA:302,45,0,0
BRF:46
BRH:34
end_of_record
TN:
SF:models\AppointmentModel.js
FNF:0
FNH:0
DA:1,1
DA:2,1
DA:3,1
DA:4,1
DA:5,1
DA:6,1
DA:7,1
DA:8,1
DA:9,1
DA:10,1
DA:11,1
DA:12,1
DA:13,1
DA:14,1
DA:15,1
DA:16,1
DA:17,1
DA:18,1
DA:19,1
DA:20,1
DA:21,1
DA:22,1
DA:23,1
DA:24,1
DA:25,1
DA:26,1
DA:27,1
DA:28,1
DA:29,1
DA:30,1
DA:31,1
LF:31
LH:31
BRDA:2,0,0,1
BRF:1
BRH:1
end_of_record
TN:
SF:models\BarberScheduleModel.js
FNF:0
FNH:0
DA:1,1
DA:2,1
DA:3,1
DA:4,1
DA:5,1
DA:6,1
DA:7,1
DA:8,1
DA:9,1
DA:10,1
DA:11,1
DA:12,1
DA:13,1
DA:14,1
DA:15,1
DA:16,1
DA:17,1
LF:17
LH:17
BRDA:1,0,0,1
BRF:1
BRH:1
end_of_record
TN:
SF:models\HomePageModel.js
FNF:0
FNH:0
DA:1,1
DA:2,1
DA:3,1
DA:4,1
DA:5,1
DA:6,1
DA:7,1
DA:8,1
DA:9,1
DA:10,1
DA:11,1
DA:12,1
DA:13,1
DA:14,1
DA:15,1
DA:16,1
DA:17,1
DA:18,1
DA:19,1
DA:20,1
DA:21,1
LF:21
LH:21
BRDA:1,0,0,1
BRF:1
BRH:1
end_of_record
TN:
SF:models\ProductsModel.js
FNF:0
FNH:0
DA:1,1
DA:2,1
DA:3,1
DA:4,1
DA:5,1
DA:6,1
DA:7,1
DA:8,1
DA:9,1
DA:10,1
DA:11,1
DA:12,1
DA:13,1
DA:14,1
DA:15,1
DA:16,1
DA:17,1
DA:18,1
DA:19,1
LF:19
LH:19
BRDA:2,0,0,1
BRF:1
BRH:1
end_of_record
TN:
SF:models\UserModel.js
FNF:0
FNH:0
DA:1,1
DA:2,1
DA:3,1
DA:4,1
DA:5,1
DA:6,1
DA:7,1
DA:8,1
DA:9,1
DA:10,1
DA:11,1
DA:12,1
DA:13,1
DA:14,1
DA:15,1
DA:16,1
DA:17,1
DA:18,1
DA:19,1
DA:20,1
DA:21,1
DA:22,1
DA:23,1
DA:24,1
DA:25,1
DA:26,1
DA:27,1
DA:28,1
DA:29,1
DA:30,1
DA:31,1
DA:32,1
DA:33,1
DA:34,1
DA:35,1
DA:36,1
DA:37,1
DA:38,1
DA:39,1
DA:40,1
DA:41,1
LF:41
LH:41
BRDA:1,0,0,1
BRF:1
BRH:1
end_of_record
TN:
SF:models\faqModel.js
FNF:0
FNH:0
DA:1,1
DA:2,1
DA:3,1
DA:4,1
DA:5,1
DA:6,1
DA:7,1
DA:8,1
DA:9,1
DA:10,1
DA:11,1
DA:12,1
DA:13,1
DA:14,1
DA:15,1
DA:16,1
DA:17,1
DA:18,1
DA:19,1
LF:19
LH:19
BRDA:1,0,0,1
BRF:1
BRH:1
end_of_record
