TN:
SF:config\database.js
FNF:0
FNH:0
DA:1,1
DA:2,1
DA:3,1
DA:4,1
DA:5,1
DA:6,1
DA:7,1
DA:8,1
DA:9,1
DA:10,1
LF:10
LH:10
BRDA:1,0,0,1
BRF:1
BRH:1
end_of_record
TN:
SF:controllers\BusyStatus.js
FN:8,getStatus
FN:21,updateStatus
FNF:2
FNH:2
FNDA:4,getStatus
FNDA:3,updateStatus
DA:1,1
DA:2,1
DA:3,1
DA:4,1
DA:5,1
DA:6,1
DA:7,1
DA:8,1
DA:9,4
DA:10,4
DA:11,1
DA:12,1
DA:13,3
DA:14,1
DA:15,1
DA:16,2
DA:17,2
DA:18,2
DA:19,4
DA:20,1
DA:21,1
DA:22,3
DA:23,3
DA:24,3
DA:25,3
DA:26,3
DA:27,3
DA:28,3
DA:29,0
DA:30,0
DA:31,3
DA:32,1
DA:33,1
DA:34,1
DA:35,1
DA:36,1
DA:37,2
DA:38,1
DA:39,1
DA:40,1
DA:41,1
DA:42,1
DA:43,1
DA:44,1
DA:45,1
DA:46,1
DA:47,1
DA:48,1
DA:49,0
DA:50,0
DA:51,0
DA:52,3
DA:53,0
DA:54,0
DA:55,0
DA:56,3
DA:57,3
DA:58,3
DA:59,1
DA:60,1
DA:61,1
DA:62,1
DA:63,1
LF:63
LH:55
BRDA:1,0,0,1
BRDA:8,1,0,4
BRDA:10,2,0,1
BRDA:13,3,0,3
BRDA:13,4,0,1
BRDA:16,5,0,2
BRDA:21,6,0,3
BRDA:28,7,0,0
BRDA:31,8,0,1
BRDA:37,9,0,2
BRDA:37,10,0,1
BRDA:49,11,0,0
BRDA:52,12,0,0
BRF:13
BRH:10
end_of_record
TN:
SF:controllers\FAQ.js
FN:9,getFAQ
FN:25,updateFAQ
FN:44,deleteFAQ
FN:64,addFAQ
FNF:4
FNH:4
FNDA:3,getFAQ
FNDA:1,updateFAQ
FNDA:1,deleteFAQ
FNDA:1,addFAQ
DA:1,1
DA:2,1
DA:3,1
DA:4,1
DA:5,1
DA:6,1
DA:7,1
DA:8,1
DA:9,1
DA:10,3
DA:11,3
DA:12,3
DA:13,3
DA:14,1
DA:15,1
DA:16,2
DA:17,2
DA:18,3
DA:19,0
DA:20,0
DA:21,0
DA:22,3
DA:23,1
DA:24,1
DA:25,1
DA:26,1
DA:27,1
DA:28,1
DA:29,1
DA:30,1
DA:31,0
DA:32,0
DA:33,1
DA:34,1
DA:35,0
DA:36,0
DA:37,1
DA:38,1
DA:39,1
DA:40,0
DA:41,0
DA:42,1
DA:43,1
DA:44,1
DA:45,1
DA:46,1
DA:47,1
DA:48,1
DA:49,1
DA:50,0
DA:51,0
DA:52,1
DA:53,1
DA:54,0
DA:55,0
DA:56,1
DA:57,1
DA:58,1
DA:59,1
DA:60,1
DA:61,0
DA:62,0
DA:63,1
DA:64,1
DA:65,1
DA:66,1
DA:67,1
DA:68,1
DA:69,1
DA:70,0
DA:71,0
DA:72,1
DA:73,1
DA:74,1
DA:75,0
DA:76,0
DA:77,1
DA:78,1
DA:79,1
DA:80,1
DA:81,1
DA:82,1
DA:83,1
DA:84,1
DA:85,1
LF:85
LH:66
BRDA:1,0,0,1
BRDA:9,1,0,3
BRDA:13,2,0,1
BRDA:16,3,0,2
BRDA:18,4,0,0
BRDA:25,5,0,1
BRDA:30,6,0,0
BRDA:34,7,0,0
BRDA:39,8,0,0
BRDA:44,9,0,1
BRDA:49,10,0,0
BRDA:53,11,0,0
BRDA:60,12,0,0
BRDA:64,13,0,1
BRDA:69,14,0,0
BRDA:74,15,0,0
BRF:16
BRH:7
end_of_record
TN:
SF:controllers\user.js
FN:8,getusers
FN:26,createUser
FN:62,createUser_customers
FN:99,validateLogin
FN:132,updateUser
FN:151,deleteUser
FN:176,getUser
FN:190,updatePassword
FN:215,updatePicture
FN:236,deletePicture
FNF:10
FNH:10
FNDA:3,getusers
FNDA:4,createUser
FNDA:2,createUser_customers
FNDA:8,validateLogin
FNDA:1,updateUser
FNDA:4,deleteUser
FNDA:3,getUser
FNDA:2,updatePassword
FNDA:1,updatePicture
FNDA:1,deletePicture
DA:1,1
DA:2,1
DA:3,1
DA:4,1
DA:5,1
DA:6,1
DA:7,1
DA:8,1
DA:9,3
DA:10,3
DA:11,3
DA:12,3
DA:13,3
DA:14,3
DA:15,1
DA:16,1
DA:17,2
DA:18,2
DA:19,2
DA:20,2
DA:21,3
DA:22,0
DA:23,0
DA:24,3
DA:25,1
DA:26,1
DA:27,4
DA:28,4
DA:29,4
DA:30,4
DA:31,4
DA:32,4
DA:33,4
DA:34,4
DA:35,4
DA:36,4
DA:37,4
DA:38,4
DA:39,4
DA:40,4
DA:41,4
DA:42,4
DA:43,4
DA:44,1
DA:45,1
DA:46,3
DA:47,4
DA:48,1
DA:49,4
DA:50,1
DA:51,1
DA:52,1
DA:53,1
DA:54,1
DA:55,1
DA:56,1
DA:57,4
DA:58,0
DA:59,0
DA:60,4
DA:61,1
DA:62,1
DA:63,2
DA:64,2
DA:65,2
DA:66,2
DA:67,2
DA:68,2
DA:69,2
DA:70,2
DA:71,2
DA:72,2
DA:73,2
DA:74,2
DA:75,2
DA:76,2
DA:77,2
DA:78,2
DA:79,2
DA:80,1
DA:81,1
DA:82,1
DA:83,1
DA:84,1
DA:85,1
DA:86,1
DA:87,1
DA:88,1
DA:89,1
DA:90,1
DA:91,1
DA:92,1
DA:93,2
DA:94,0
DA:95,0
DA:96,2
DA:97,1
DA:98,1
DA:99,1
DA:100,8
DA:101,8
DA:102,8
DA:103,8
DA:104,8
DA:105,8
DA:106,8
DA:107,8
DA:108,8
DA:109,1
DA:110,8
DA:111,7
DA:112,7
DA:113,7
DA:114,2
DA:115,2
DA:116,7
DA:117,5
DA:118,5
DA:119,5
DA:120,5
DA:121,5
DA:122,5
DA:123,5
DA:124,5
DA:125,7
DA:126,8
DA:127,0
DA:128,0
DA:129,0
DA:130,8
DA:131,1
DA:132,1
DA:133,1
DA:134,1
DA:135,1
DA:136,1
DA:137,1
DA:138,1
DA:139,1
DA:140,1
DA:141,1
DA:142,1
DA:143,1
DA:144,1
DA:145,1
DA:146,1
DA:147,0
DA:148,0
DA:149,1
DA:150,1
DA:151,1
DA:152,4
DA:153,4
DA:154,4
DA:155,4
DA:156,4
DA:157,4
DA:158,4
DA:159,1
DA:160,1
DA:161,3
DA:162,3
DA:163,4
DA:164,1
DA:165,1
DA:166,2
DA:167,2
DA:168,2
DA:169,2
DA:170,2
DA:171,4
DA:172,0
DA:173,0
DA:174,4
DA:175,1
DA:176,1
DA:177,3
DA:178,3
DA:179,3
DA:180,3
DA:181,3
DA:182,3
DA:183,3
DA:184,3
DA:185,3
DA:186,0
DA:187,0
DA:188,3
DA:189,1
DA:190,1
DA:191,2
DA:192,2
DA:193,2
DA:194,2
DA:195,2
DA:196,2
DA:197,2
DA:198,2
DA:199,2
DA:200,1
DA:201,1
DA:202,1
DA:203,1
DA:204,1
DA:205,1
DA:206,1
DA:207,1
DA:208,2
DA:209,2
DA:210,0
DA:211,0
DA:212,2
DA:213,1
DA:214,1
DA:215,1
DA:216,1
DA:217,1
DA:218,1
DA:219,0
DA:220,0
DA:221,1
DA:222,1
DA:223,1
DA:224,1
DA:225,1
DA:226,1
DA:227,1
DA:228,1
DA:229,1
DA:230,1
DA:231,0
DA:232,0
DA:233,1
DA:234,1
DA:235,1
DA:236,1
DA:237,1
DA:238,1
DA:239,1
DA:240,1
DA:241,1
DA:242,1
DA:243,1
DA:244,1
DA:245,1
DA:246,1
DA:247,1
DA:248,1
DA:249,1
DA:250,1
DA:251,1
DA:252,1
DA:253,1
DA:254,1
DA:255,1
DA:256,0
DA:257,0
DA:258,0
DA:259,1
DA:260,1
DA:261,1
DA:262,1
DA:263,1
DA:264,1
DA:265,1
DA:266,1
DA:267,1
DA:268,1
DA:269,1
DA:270,1
DA:271,1
DA:272,1
DA:273,1
LF:273
LH:249
BRDA:1,0,0,1
BRDA:8,1,0,3
BRDA:14,2,0,1
BRDA:17,3,0,2
BRDA:21,4,0,0
BRDA:26,5,0,4
BRDA:43,6,0,1
BRDA:46,7,0,3
BRDA:47,8,0,3
BRDA:47,9,0,1
BRDA:49,10,0,2
BRDA:49,11,0,1
BRDA:57,12,0,0
BRDA:62,13,0,2
BRDA:79,14,0,1
BRDA:93,15,0,0
BRDA:99,16,0,8
BRDA:108,17,0,1
BRDA:110,18,0,7
BRDA:113,19,0,2
BRDA:116,20,0,5
BRDA:126,21,0,0
BRDA:132,22,0,1
BRDA:146,23,0,0
BRDA:151,24,0,4
BRDA:158,25,0,1
BRDA:161,26,0,3
BRDA:163,27,0,1
BRDA:166,28,0,2
BRDA:171,29,0,0
BRDA:176,30,0,3
BRDA:185,31,0,0
BRDA:190,32,0,2
BRDA:199,33,0,1
BRDA:209,34,0,0
BRDA:215,35,0,1
BRDA:218,36,0,0
BRDA:230,37,0,0
BRDA:236,38,0,1
BRDA:255,39,0,0
BRF:40
BRH:29
end_of_record
TN:
SF:models\UserModel.js
FNF:0
FNH:0
DA:1,1
DA:2,1
DA:3,1
DA:4,1
DA:5,1
DA:6,1
DA:7,1
DA:8,1
DA:9,1
DA:10,1
DA:11,1
DA:12,1
DA:13,1
DA:14,1
DA:15,1
DA:16,1
DA:17,1
DA:18,1
DA:19,1
DA:20,1
DA:21,1
DA:22,1
DA:23,1
DA:24,1
DA:25,1
DA:26,1
DA:27,1
DA:28,1
DA:29,1
DA:30,1
DA:31,1
DA:32,1
DA:33,1
DA:34,1
DA:35,1
DA:36,1
DA:37,1
DA:38,1
DA:39,1
DA:40,1
DA:41,1
LF:41
LH:41
BRDA:1,0,0,1
BRF:1
BRH:1
end_of_record
TN:
SF:models\faqModel.js
FNF:0
FNH:0
DA:1,1
DA:2,1
DA:3,1
DA:4,1
DA:5,1
DA:6,1
DA:7,1
DA:8,1
DA:9,1
DA:10,1
DA:11,1
DA:12,1
DA:13,1
DA:14,1
DA:15,1
DA:16,1
DA:17,1
DA:18,1
DA:19,1
LF:19
LH:19
BRDA:1,0,0,1
BRF:1
BRH:1
end_of_record
